May 15 05:56:57.682 INFO Ballot Leader Election componentMay 15 05:57:05.674 DEBG Newly elected leader: Ballot { n: 0, priority: 0, pid: 2 }
]
May 15 05:57:05.674 DEBG Received a majority of heartbeats [(Ballot { n: 0, priority: 0, pid: 2 }, true)]
May 15 05:57:05.674 INFO BLE 1, New Leader elected: Ballot { n: 0, priority: 0, pid: 2 }
May 15 05:57:09.674 WARN Did not receive a majority of heartbeats []
May 15 05:57:13.674 WARN Did not receive a majority of heartbeats []
May 15 05:57:17.674 WARN Did not receive a majority of heartbeats []
May 15 05:57:21.673 WARN Did not receive a majority of heartbeats []
May 15 05:57:25.674 WARN Did not receive a majority of heartbeats []
May 15 05:57:29.674 WARN Did not receive a majority of heartbeats []
May 15 05:57:33.673 WARN Did not receive a majority of heartbeats []
May 15 05:57:37.673 WARN Did not receive a majority of heartbeats []
May 15 05:57:41.674 WARN Did not receive a majority of heartbeats []
May 15 05:57:45.674 WARN Did not receive a majority of heartbeats []
May 15 05:57:49.674 WARN Did not receive a majority of heartbeats []
May 15 05:57:53.674 WARN Did not receive a majority of heartbeats []
May 15 05:57:57.673 WARN Did not receive a majority of heartbeats []
May 15 05:58:01.674 WARN Did not receive a majority of heartbeats []
May 15 05:58:05.673 WARN Did not receive a majority of heartbeats []
May 15 05:58:09.674 WARN Did not receive a majority of heartbeats []
May 15 05:58:13.673 WARN Did not receive a majority of heartbeats []
May 15 05:58:17.674 WARN Did not receive a majority of heartbeats []
May 15 05:58:21.674 WARN Did not receive a majority of heartbeats []
May 15 05:58:25.673 WARN Did not receive a majority of heartbeats []
May 15 05:58:29.674 WARN Did not receive a majority of heartbeats []
May 15 05:58:33.673 WARN Did not receive a majority of heartbeats []
May 15 05:58:37.673 WARN Did not receive a majority of heartbeats []
May 15 05:58:41.674 WARN Did not receive a majority of heartbeats []
May 15 05:58:45.673 WARN Did not receive a majority of heartbeats []
May 15 05:58:49.673 WARN Did not receive a majority of heartbeats []
May 15 05:58:53.674 WARN Did not receive a majority of heartbeats []
May 15 05:58:57.673 WARN Did not receive a majority of heartbeats []
May 15 05:59:01.674 WARN Did not receive a majority of heartbeats []
May 15 05:59:05.673 WARN Did not receive a majority of heartbeats []
May 15 05:59:09.673 WARN Did not receive a majority of heartbeats []
May 15 05:59:13.674 WARN Did not receive a majority of heartbeats []
May 15 05:59:17.674 WARN Did not receive a majority of heartbeats []
May 15 05:59:21.674 WARN Did not receive a majority of heartbeats []
May 15 05:59:25.673 WARN Did not receive a majority of heartbeats []
May 15 05:59:29.673 WARN Did not receive a majority of heartbeats []
